<?xml version="1.0" encoding="UTF-8"?>
<!-- Generated by org.testng.reporters.JUnitReportReporter -->
<testsuite hostname="DESKTOP-GHUGRO3" failures="0" tests="2" name="testcases.SignInTest" time="15.677" errors="0" timestamp="2025-01-21T17:20:57 IST" skipped="0">
  <testcase classname="testcases.SignInTest" name="testSignInFailureInvalidCredentials" time="8.463"/>
  <testcase classname="testcases.SignInTest" name="testSignInSuccess" time="7.214"/>
</testsuite> <!-- testcases.SignInTest -->
